<?xml version="1.0" encoding="UTF-8"?>
<!-- Generated by org.testng.reporters.JUnitReportReporter -->
<testsuite hostname="user" failures="0" tests="1" name="TestNG.SampleTest" time="0.015" errors="0" timestamp="2021-02-25T12:06:48 PST" skipped="0">
  <testcase classname="TestNG.SampleTest" name="PrintNumbers" time="0.015"/>
</testsuite> <!-- TestNG.SampleTest -->
