<?xml version="1.0" encoding="UTF-8"?>
<!-- Generated by org.testng.reporters.JUnitReportReporter -->
<testsuite skipped="0" hostname="user" name="TestNG.SampleTest" tests="2" failures="0" timestamp="2021-02-25T12:38:01 PST" time="0.009" errors="0">
  <testcase name="PrintNumbers" time="0.001" classname="TestNG.SampleTest"/>
  <testcase name="PrintHello" time="0.008" classname="TestNG.SampleTest"/>
</testsuite> <!-- TestNG.SampleTest -->
